<?xml version="1.0" encoding="UTF-8"?>
<coverage generated="1773712295785" clover="3.2.0">
  <project timestamp="1773712295786" name="All files">
    <metrics statements="43" coveredstatements="41" conditionals="25" coveredconditionals="23" methods="9" coveredmethods="9" elements="77" coveredelements="73" complexity="0" loc="43" ncloc="43" packages="1" files="1" classes="1"/>
    <file name="sistema.js" path="C:\Users\pedro\OneDrive\Desktop\teste-de-sistemas-atiividade2\src\sistema.js">
      <metrics statements="43" coveredstatements="41" conditionals="25" coveredconditionals="23" methods="9" coveredmethods="9"/>
      <line num="7" count="21" type="stmt"/>
      <line num="8" count="21" type="stmt"/>
      <line num="9" count="21" type="stmt"/>
      <line num="10" count="21" type="stmt"/>
      <line num="20" count="6" type="cond" truecount="4" falsecount="0"/>
      <line num="21" count="1" type="stmt"/>
      <line num="23" count="5" type="cond" truecount="2" falsecount="0"/>
      <line num="24" count="1" type="stmt"/>
      <line num="26" count="4" type="stmt"/>
      <line num="28" count="4" type="stmt"/>
      <line num="30" count="4" type="stmt"/>
      <line num="40" count="4" type="cond" truecount="2" falsecount="0"/>
      <line num="41" count="1" type="stmt"/>
      <line num="43" count="3" type="cond" truecount="2" falsecount="0"/>
      <line num="44" count="1" type="stmt"/>
      <line num="46" count="2" type="cond" truecount="2" falsecount="0"/>
      <line num="47" count="1" type="stmt"/>
      <line num="49" count="1" type="stmt"/>
      <line num="51" count="1" type="stmt"/>
      <line num="53" count="1" type="stmt"/>
      <line num="63" count="14" type="cond" truecount="1" falsecount="1"/>
      <line num="64" count="0" type="stmt"/>
      <line num="66" count="14" type="cond" truecount="2" falsecount="0"/>
      <line num="67" count="1" type="stmt"/>
      <line num="69" count="13" type="stmt"/>
      <line num="71" count="13" type="stmt"/>
      <line num="73" count="13" type="stmt"/>
      <line num="83" count="10" type="cond" truecount="1" falsecount="1"/>
      <line num="84" count="0" type="stmt"/>
      <line num="86" count="10" type="stmt"/>
      <line num="93" count="1" type="stmt"/>
      <line num="103" count="5" type="stmt"/>
      <line num="105" count="5" type="stmt"/>
      <line num="106" count="6" type="stmt"/>
      <line num="110" count="5" type="cond" truecount="2" falsecount="0"/>
      <line num="111" count="2" type="stmt"/>
      <line num="114" count="5" type="cond" truecount="4" falsecount="0"/>
      <line num="115" count="1" type="stmt"/>
      <line num="117" count="5" type="stmt"/>
      <line num="127" count="1" type="stmt"/>
      <line num="129" count="1" type="stmt"/>
      <line num="131" count="1" type="stmt"/>
      <line num="138" count="5" type="stmt"/>
    </file>
  </project>
</coverage>
