{"C:\\Users\\pedro\\OneDrive\\Desktop\\teste-de-sistemas-atiividade2\\src\\sistema.js": {"path":"C:\\Users\\pedro\\OneDrive\\Desktop\\teste-de-sistemas-atiividade2\\src\\sistema.js","statementMap":{"0":{"start":{"line":7,"column":0},"end":{"line":7,"column":16}},"1":{"start":{"line":8,"column":0},"end":{"line":8,"column":12}},"2":{"start":{"line":9,"column":0},"end":{"line":9,"column":16}},"3":{"start":{"line":10,"column":0},"end":{"line":10,"column":16}},"4":{"start":{"line":20,"column":0},"end":{"line":21,"column":32}},"5":{"start":{"line":21,"column":0},"end":{"line":21,"column":32}},"6":{"start":{"line":23,"column":0},"end":{"line":24,"column":33}},"7":{"start":{"line":24,"column":0},"end":{"line":24,"column":33}},"8":{"start":{"line":26,"column":12},"end":{"line":26,"column":28}},"9":{"start":{"line":28,"column":0},"end":{"line":28,"column":27}},"10":{"start":{"line":30,"column":0},"end":{"line":30,"column":14}},"11":{"start":{"line":40,"column":0},"end":{"line":41,"column":38}},"12":{"start":{"line":41,"column":0},"end":{"line":41,"column":38}},"13":{"start":{"line":43,"column":0},"end":{"line":44,"column":38}},"14":{"start":{"line":44,"column":0},"end":{"line":44,"column":38}},"15":{"start":{"line":46,"column":0},"end":{"line":47,"column":33}},"16":{"start":{"line":47,"column":0},"end":{"line":47,"column":33}},"17":{"start":{"line":49,"column":8},"end":{"line":49,"column":25}},"18":{"start":{"line":51,"column":0},"end":{"line":51,"column":19}},"19":{"start":{"line":53,"column":0},"end":{"line":53,"column":10}},"20":{"start":{"line":63,"column":0},"end":{"line":64,"column":42}},"21":{"start":{"line":64,"column":0},"end":{"line":64,"column":42}},"22":{"start":{"line":66,"column":0},"end":{"line":67,"column":33}},"23":{"start":{"line":67,"column":0},"end":{"line":67,"column":33}},"24":{"start":{"line":69,"column":12},"end":{"line":69,"column":24}},"25":{"start":{"line":71,"column":0},"end":{"line":71,"column":27}},"26":{"start":{"line":73,"column":0},"end":{"line":73,"column":14}},"27":{"start":{"line":83,"column":0},"end":{"line":84,"column":35}},"28":{"start":{"line":84,"column":0},"end":{"line":84,"column":35}},"29":{"start":{"line":86,"column":0},"end":{"line":86,"column":27}},"30":{"start":{"line":93,"column":0},"end":{"line":93,"column":28}},"31":{"start":{"line":103,"column":10},"end":{"line":103,"column":11}},"32":{"start":{"line":105,"column":0},"end":{"line":107,"column":2}},"33":{"start":{"line":106,"column":0},"end":{"line":106,"column":14}},"34":{"start":{"line":110,"column":0},"end":{"line":111,"column":10}},"35":{"start":{"line":111,"column":0},"end":{"line":111,"column":10}},"36":{"start":{"line":114,"column":0},"end":{"line":115,"column":11}},"37":{"start":{"line":115,"column":0},"end":{"line":115,"column":11}},"38":{"start":{"line":117,"column":0},"end":{"line":117,"column":31}},"39":{"start":{"line":127,"column":10},"end":{"line":127,"column":37}},"40":{"start":{"line":129,"column":0},"end":{"line":129,"column":16}},"41":{"start":{"line":131,"column":0},"end":{"line":131,"column":12}},"42":{"start":{"line":138,"column":0},"end":{"line":138,"column":29}}},"fnMap":{"0":{"name":"(anonymous_0)","decl":{"start":{"line":5,"column":0},"end":{"line":5,"column":1}},"loc":{"start":{"line":5,"column":13},"end":{"line":12,"column":1}},"line":5},"1":{"name":"(anonymous_1)","decl":{"start":{"line":18,"column":0},"end":{"line":18,"column":1}},"loc":{"start":{"line":18,"column":34},"end":{"line":32,"column":1}},"line":18},"2":{"name":"(anonymous_2)","decl":{"start":{"line":38,"column":0},"end":{"line":38,"column":1}},"loc":{"start":{"line":38,"column":29},"end":{"line":55,"column":1}},"line":38},"3":{"name":"(anonymous_3)","decl":{"start":{"line":61,"column":0},"end":{"line":61,"column":1}},"loc":{"start":{"line":61,"column":24},"end":{"line":75,"column":1}},"line":61},"4":{"name":"(anonymous_4)","decl":{"start":{"line":81,"column":0},"end":{"line":81,"column":1}},"loc":{"start":{"line":81,"column":26},"end":{"line":88,"column":1}},"line":81},"5":{"name":"(anonymous_5)","decl":{"start":{"line":91,"column":0},"end":{"line":91,"column":1}},"loc":{"start":{"line":91,"column":17},"end":{"line":95,"column":1}},"line":91},"6":{"name":"(anonymous_6)","decl":{"start":{"line":101,"column":0},"end":{"line":101,"column":1}},"loc":{"start":{"line":101,"column":22},"end":{"line":119,"column":1}},"line":101},"7":{"name":"(anonymous_7)","decl":{"start":{"line":105,"column":22},"end":{"line":105,"column":23}},"loc":{"start":{"line":105,"column":25},"end":{"line":107,"column":1}},"line":105},"8":{"name":"(anonymous_8)","decl":{"start":{"line":125,"column":0},"end":{"line":125,"column":1}},"loc":{"start":{"line":125,"column":24},"end":{"line":133,"column":1}},"line":125}},"branchMap":{"0":{"loc":{"start":{"line":18,"column":24},"end":{"line":18,"column":33}},"type":"default-arg","locations":[{"start":{"line":18,"column":28},"end":{"line":18,"column":33}}],"line":18},"1":{"loc":{"start":{"line":20,"column":0},"end":{"line":21,"column":32}},"type":"if","locations":[{"start":{"line":20,"column":0},"end":{"line":21,"column":32}},{"start":{},"end":{}}],"line":20},"2":{"loc":{"start":{"line":20,"column":3},"end":{"line":20,"column":20}},"type":"binary-expr","locations":[{"start":{"line":20,"column":3},"end":{"line":20,"column":8}},{"start":{"line":20,"column":12},"end":{"line":20,"column":20}}],"line":20},"3":{"loc":{"start":{"line":23,"column":0},"end":{"line":24,"column":33}},"type":"if","locations":[{"start":{"line":23,"column":0},"end":{"line":24,"column":33}},{"start":{},"end":{}}],"line":23},"4":{"loc":{"start":{"line":40,"column":0},"end":{"line":41,"column":38}},"type":"if","locations":[{"start":{"line":40,"column":0},"end":{"line":41,"column":38}},{"start":{},"end":{}}],"line":40},"5":{"loc":{"start":{"line":43,"column":0},"end":{"line":44,"column":38}},"type":"if","locations":[{"start":{"line":43,"column":0},"end":{"line":44,"column":38}},{"start":{},"end":{}}],"line":43},"6":{"loc":{"start":{"line":46,"column":0},"end":{"line":47,"column":33}},"type":"if","locations":[{"start":{"line":46,"column":0},"end":{"line":47,"column":33}},{"start":{},"end":{}}],"line":46},"7":{"loc":{"start":{"line":63,"column":0},"end":{"line":64,"column":42}},"type":"if","locations":[{"start":{"line":63,"column":0},"end":{"line":64,"column":42}},{"start":{},"end":{}}],"line":63},"8":{"loc":{"start":{"line":66,"column":0},"end":{"line":67,"column":33}},"type":"if","locations":[{"start":{"line":66,"column":0},"end":{"line":67,"column":33}},{"start":{},"end":{}}],"line":66},"9":{"loc":{"start":{"line":83,"column":0},"end":{"line":84,"column":35}},"type":"if","locations":[{"start":{"line":83,"column":0},"end":{"line":84,"column":35}},{"start":{},"end":{}}],"line":83},"10":{"loc":{"start":{"line":110,"column":0},"end":{"line":111,"column":10}},"type":"if","locations":[{"start":{"line":110,"column":0},"end":{"line":111,"column":10}},{"start":{},"end":{}}],"line":110},"11":{"loc":{"start":{"line":114,"column":0},"end":{"line":115,"column":11}},"type":"if","locations":[{"start":{"line":114,"column":0},"end":{"line":115,"column":11}},{"start":{},"end":{}}],"line":114},"12":{"loc":{"start":{"line":114,"column":3},"end":{"line":114,"column":25}},"type":"binary-expr","locations":[{"start":{"line":114,"column":3},"end":{"line":114,"column":10}},{"start":{"line":114,"column":14},"end":{"line":114,"column":25}}],"line":114}},"s":{"0":21,"1":21,"2":21,"3":21,"4":6,"5":1,"6":5,"7":1,"8":4,"9":4,"10":4,"11":4,"12":1,"13":3,"14":1,"15":2,"16":1,"17":1,"18":1,"19":1,"20":14,"21":0,"22":14,"23":1,"24":13,"25":13,"26":13,"27":10,"28":0,"29":10,"30":1,"31":5,"32":5,"33":6,"34":5,"35":2,"36":5,"37":1,"38":5,"39":1,"40":1,"41":1,"42":5},"f":{"0":21,"1":6,"2":4,"3":14,"4":10,"5":1,"6":5,"7":6,"8":1},"b":{"0":[4],"1":[1,5],"2":[6,5],"3":[1,4],"4":[1,3],"5":[1,2],"6":[1,1],"7":[0,14],"8":[1,13],"9":[0,10],"10":[2,3],"11":[1,4],"12":[5,1]},"_coverageSchema":"1a1c01bbd47fc00a2c39e90264f33305004495a9","hash":"79949ebcc51d31b704ef3af896089d9a9678eacc"}
}
