TN:
SF:src\sistema.js
FN:5,(anonymous_0)
FN:18,(anonymous_1)
FN:38,(anonymous_2)
FN:61,(anonymous_3)
FN:81,(anonymous_4)
FN:91,(anonymous_5)
FN:101,(anonymous_6)
FN:105,(anonymous_7)
FN:125,(anonymous_8)
FNF:9
FNH:9
FNDA:21,(anonymous_0)
FNDA:6,(anonymous_1)
FNDA:4,(anonymous_2)
FNDA:14,(anonymous_3)
FNDA:10,(anonymous_4)
FNDA:1,(anonymous_5)
FNDA:5,(anonymous_6)
FNDA:6,(anonymous_7)
FNDA:1,(anonymous_8)
DA:7,21
DA:8,21
DA:9,21
DA:10,21
DA:20,6
DA:21,1
DA:23,5
DA:24,1
DA:26,4
DA:28,4
DA:30,4
DA:40,4
DA:41,1
DA:43,3
DA:44,1
DA:46,2
DA:47,1
DA:49,1
DA:51,1
DA:53,1
DA:63,14
DA:64,0
DA:66,14
DA:67,1
DA:69,13
DA:71,13
DA:73,13
DA:83,10
DA:84,0
DA:86,10
DA:93,1
DA:103,5
DA:105,5
DA:106,6
DA:110,5
DA:111,2
DA:114,5
DA:115,1
DA:117,5
DA:127,1
DA:129,1
DA:131,1
DA:138,5
LF:43
LH:41
BRDA:18,0,0,4
BRDA:20,1,0,1
BRDA:20,1,1,5
BRDA:20,2,0,6
BRDA:20,2,1,5
BRDA:23,3,0,1
BRDA:23,3,1,4
BRDA:40,4,0,1
BRDA:40,4,1,3
BRDA:43,5,0,1
BRDA:43,5,1,2
BRDA:46,6,0,1
BRDA:46,6,1,1
BRDA:63,7,0,0
BRDA:63,7,1,14
BRDA:66,8,0,1
BRDA:66,8,1,13
BRDA:83,9,0,0
BRDA:83,9,1,10
BRDA:110,10,0,2
BRDA:110,10,1,3
BRDA:114,11,0,1
BRDA:114,11,1,4
BRDA:114,12,0,5
BRDA:114,12,1,1
BRF:25
BRH:23
end_of_record
